<?xml version="1.0" encoding="UTF-8"?>
<!-- Generated by org.testng.reporters.JUnitReportReporter -->
<testsuite name="com.qa.testcases.PropFileTest" tests="1" time="0.016" ignored="0" failures="0" timestamp="10 Jan 2021 09:34:48 GMT" skipped="0" hostname="WINCTRL-KQB8VEI" errors="0">
  <testcase name="testpro" time="0.016" classname="com.qa.testcases.PropFileTest"/>
</testsuite> <!-- com.qa.testcases.PropFileTest -->
