<?xml version="1.0" encoding="UTF-8"?>
<!-- Generated by org.testng.reporters.JUnitReportReporter -->
<testsuite name="com.qa.testcases.LoginPageTest" tests="3" time="6.501" ignored="0" failures="0" timestamp="13 Feb 2021 06:35:23 GMT" skipped="0" hostname="WINCTRL-KQB8VEI" errors="0">
  <testcase name="loginTest" time="6.415" classname="com.qa.testcases.LoginPageTest"/>
  <testcase name="islogoDisplay" time="0.065" classname="com.qa.testcases.LoginPageTest"/>
  <testcase name="verifyTitle" time="0.021" classname="com.qa.testcases.LoginPageTest"/>
</testsuite> <!-- com.qa.testcases.LoginPageTest -->
