<?xml version="1.0" encoding="UTF-8"?>
<!-- Generated by org.testng.reporters.JUnitReportReporter -->
<testsuite name="com.qa.testcases.HomePageTest" tests="2" time="8.596" ignored="0" failures="0" timestamp="13 Feb 2021 06:35:23 GMT" skipped="0" hostname="WINCTRL-KQB8VEI" errors="0">
  <testcase name="selectAdmin" time="8.550" classname="com.qa.testcases.HomePageTest"/>
  <testcase name="userNameWelcomeText" time="0.046" classname="com.qa.testcases.HomePageTest"/>
</testsuite> <!-- com.qa.testcases.HomePageTest -->
