<?xml version="1.0" encoding="UTF-8"?>
<!-- Generated by org.testng.reporters.JUnitReportReporter -->
<testsuite name="com.qa.testcases.DirectoryPageTest" tests="1" time="14.923" ignored="0" failures="0" timestamp="21 Jan 2021 17:46:10 GMT" skipped="0" hostname="WINCTRL-KQB8VEI" errors="0">
  <testcase name="selectDirectory" time="14.923" classname="com.qa.testcases.DirectoryPageTest"/>
</testsuite> <!-- com.qa.testcases.DirectoryPageTest -->
