<?xml version="1.0" encoding="UTF-8"?>
<!-- Generated by org.testng.reporters.JUnitReportReporter -->
<testsuite name="com.qa.testcases.HomePageTest" tests="2" time="12.217" ignored="0" failures="0" timestamp="13 Feb 2021 09:45:09 GMT" skipped="0" hostname="WINCTRL-KQB8VEI" errors="0">
  <testcase name="userNameWelcomeText" time="0.936" classname="com.qa.testcases.HomePageTest"/>
  <testcase name="selectAdmin" time="11.281" classname="com.qa.testcases.HomePageTest"/>
</testsuite> <!-- com.qa.testcases.HomePageTest -->
