<?xml version="1.0" encoding="UTF-8"?>
<!-- Generated by org.testng.reporters.JUnitReportReporter -->
<testsuite name="com.qa.testcases.LoginPageTest" tests="3" time="20.901" ignored="0" failures="0" timestamp="13 Feb 2021 09:45:09 GMT" skipped="0" hostname="WINCTRL-KQB8VEI" errors="0">
  <testcase name="verifyTitle" time="0.552" classname="com.qa.testcases.LoginPageTest"/>
  <testcase name="islogoDisplay" time="0.818" classname="com.qa.testcases.LoginPageTest"/>
  <testcase name="loginTest" time="19.531" classname="com.qa.testcases.LoginPageTest"/>
</testsuite> <!-- com.qa.testcases.LoginPageTest -->
