<?xml version="1.0" encoding="UTF-8"?>
<!-- Generated by org.testng.reporters.JUnitReportReporter -->
<testsuite name="com.qa.testcases.DirectoryPageTest" tests="1" time="16.852" ignored="0" failures="0" timestamp="13 Feb 2021 09:45:09 GMT" skipped="0" hostname="WINCTRL-KQB8VEI" errors="0">
  <testcase name="selectDirectory" time="16.852" classname="com.qa.testcases.DirectoryPageTest"/>
</testsuite> <!-- com.qa.testcases.DirectoryPageTest -->
